<?xml version="1.0" encoding="UTF-8"?>
<!-- Generated by org.testng.reporters.JUnitXMLReporter -->
<testsuite hostname="CO-IT005127" failures="1" tests="1" name="AccountCreationS4N" time="49.578" errors="0" timestamp="13 Apr 2020 02:22:58 GMT">
  <testcase classname="TestRunners.TestRunnerS4N" name="feature" time="49.096">
    <failure type="cucumber.runtime.CucumberException" message="java.lang.AssertionError: expected:&amp;lt;false&amp;gt; but was:&amp;lt;true&amp;gt;">
      <![CDATA[cucumber.runtime.CucumberException: java.lang.AssertionError: expected:<false> but was:<true>
	at cucumber.api.testng.TestNGCucumberRunner.runCucumber(TestNGCucumberRunner.java:69)
	at cucumber.api.testng.AbstractTestNGCucumberTests.feature(AbstractTestNGCucumberTests.java:21)
Caused by: java.lang.AssertionError: expected:<false> but was:<true>
	at org.junit.Assert.fail(Assert.java:88)
	at org.junit.Assert.failNotEquals(Assert.java:834)
	at org.junit.Assert.assertEquals(Assert.java:118)
	at org.junit.Assert.assertEquals(Assert.java:144)
	at GlueCode.AccountCreationStepDefinitions.AccountMustNotBeCreated(AccountCreationStepDefinitions.java:57)
	at ✽.Then an account must not be created(Feature_Files/S4Npage/S4N_CreateAccount.feature:35)
... Removed 24 stack frames]]>
    </failure>
  </testcase> <!-- feature -->
</testsuite> <!-- AccountCreationS4N -->
