<?xml version="1.0" encoding="UTF-8"?>
<testng-results skipped="0" failed="1" total="1" passed="0">
  <reporter-output>
  </reporter-output>
  <suite name="Default suite" duration-ms="34909" started-at="2020-06-28T06:26:06Z" finished-at="2020-06-28T06:26:41Z">
    <groups>
      <group name="cucumber">
        <method signature="AbstractTestNGCucumberTests.feature(cucumber.api.testng.CucumberFeatureWrapper)[pri:0, instance:TestRunners.TestRunner@2a32de6c]" name="feature" class="cucumber.api.testng.AbstractTestNGCucumberTests"/>
      </group> <!-- cucumber -->
    </groups>
    <test name="Default test" duration-ms="34909" started-at="2020-06-28T06:26:06Z" finished-at="2020-06-28T06:26:41Z">
      <class name="TestRunners.TestRunner">
        <test-method status="PASS" signature="setUpClass()[pri:0, instance:TestRunners.TestRunner@2a32de6c]" name="setUpClass" is-config="true" duration-ms="151" started-at="2020-06-28T01:26:06Z" finished-at="2020-06-28T01:26:06Z">
          <reporter-output>
          </reporter-output>
        </test-method> <!-- setUpClass -->
        <test-method status="FAIL" signature="feature(cucumber.api.testng.CucumberFeatureWrapper)[pri:0, instance:TestRunners.TestRunner@2a32de6c]" name="feature" duration-ms="34675" started-at="2020-06-28T01:26:06Z" description="Runs Cucumber Feature" data-provider="features" finished-at="2020-06-28T01:26:40Z">
          <params>
            <param index="0">
              <value>
                <![CDATA[Create S4N Account]]>
              </value>
            </param>
          </params>
          <exception class="cucumber.runtime.CucumberException">
            <message>
              <![CDATA[org.junit.ComparisonFailure: Validar si los mensajes son iguales expected:<[El género es obligatorio]> but was:<[]>]]>
            </message>
            <full-stacktrace>
              <![CDATA[cucumber.runtime.CucumberException: org.junit.ComparisonFailure: Validar si los mensajes son iguales expected:<[El género es obligatorio]> but was:<[]>
	at cucumber.api.testng.TestNGCucumberRunner.runCucumber(TestNGCucumberRunner.java:69)
	at cucumber.api.testng.AbstractTestNGCucumberTests.feature(AbstractTestNGCucumberTests.java:21)
	at sun.reflect.NativeMethodAccessorImpl.invoke0(Native Method)
	at sun.reflect.NativeMethodAccessorImpl.invoke(NativeMethodAccessorImpl.java:62)
	at sun.reflect.DelegatingMethodAccessorImpl.invoke(DelegatingMethodAccessorImpl.java:43)
	at java.lang.reflect.Method.invoke(Method.java:498)
	at org.testng.internal.MethodInvocationHelper.invokeMethod(MethodInvocationHelper.java:86)
	at org.testng.internal.Invoker.invokeMethod(Invoker.java:643)
	at org.testng.internal.Invoker.invokeTestMethod(Invoker.java:820)
	at org.testng.internal.Invoker.invokeTestMethods(Invoker.java:1128)
	at org.testng.internal.TestMethodWorker.invokeTestMethods(TestMethodWorker.java:129)
	at org.testng.internal.TestMethodWorker.run(TestMethodWorker.java:112)
	at org.testng.TestRunner.privateRun(TestRunner.java:782)
	at org.testng.TestRunner.run(TestRunner.java:632)
	at org.testng.SuiteRunner.runTest(SuiteRunner.java:366)
	at org.testng.SuiteRunner.runSequentially(SuiteRunner.java:361)
	at org.testng.SuiteRunner.privateRun(SuiteRunner.java:319)
	at org.testng.SuiteRunner.run(SuiteRunner.java:268)
	at org.testng.SuiteRunnerWorker.runSuite(SuiteRunnerWorker.java:52)
	at org.testng.SuiteRunnerWorker.run(SuiteRunnerWorker.java:86)
	at org.testng.TestNG.runSuitesSequentially(TestNG.java:1244)
	at org.testng.TestNG.runSuitesLocally(TestNG.java:1169)
	at org.testng.TestNG.run(TestNG.java:1064)
	at org.testng.remote.AbstractRemoteTestNG.run(AbstractRemoteTestNG.java:115)
	at org.testng.remote.RemoteTestNG.initAndRun(RemoteTestNG.java:251)
	at org.testng.remote.RemoteTestNG.main(RemoteTestNG.java:77)
Caused by: org.junit.ComparisonFailure: Validar si los mensajes son iguales expected:<[El género es obligatorio]> but was:<[]>
	at org.junit.Assert.assertEquals(Assert.java:115)
	at GlueCode.AccountCreationStepDefinitions.iMustBeAbleToSeeTheMessage(AccountCreationStepDefinitions.java:91)
	at ✽.Then I must be able to see the message "El género es obligatorio"(Feature_Files/S4Npage/S4N_CreateAccount.feature:28)
]]>
            </full-stacktrace>
          </exception> <!-- cucumber.runtime.CucumberException -->
          <reporter-output>
          </reporter-output>
        </test-method> <!-- feature -->
        <test-method status="PASS" signature="tearDownClass()[pri:0, instance:TestRunners.TestRunner@2a32de6c]" name="tearDownClass" is-config="true" duration-ms="10" started-at="2020-06-28T01:26:40Z" finished-at="2020-06-28T01:26:41Z">
          <reporter-output>
          </reporter-output>
        </test-method> <!-- tearDownClass -->
      </class> <!-- TestRunners.TestRunner -->
    </test> <!-- Default test -->
  </suite> <!-- Default suite -->
</testng-results>
